<?xml version="1.0" encoding="UTF-8"?>
<coverage generated="1749275057733" clover="3.2.0">
  <project timestamp="1749275057733" name="All files">
    <metrics statements="42" coveredstatements="22" conditionals="2" coveredconditionals="2" methods="8" coveredmethods="1" elements="52" coveredelements="25" complexity="0" loc="42" ncloc="42" packages="1" files="2" classes="2"/>
    <file name="app.js" path="/mnt/c/Users/itisyijy/Desktop/2025 Spring/Web Programming/week13/airline/app.js">
      <metrics statements="18" coveredstatements="17" conditionals="2" coveredconditionals="2" methods="2" coveredmethods="1"/>
      <line num="2" count="1" type="stmt"/>
      <line num="5" count="1" type="stmt"/>
      <line num="7" count="1" type="stmt"/>
      <line num="9" count="1" type="stmt"/>
      <line num="12" count="1" type="stmt"/>
      <line num="13" count="1" type="stmt"/>
      <line num="15" count="1" type="stmt"/>
      <line num="16" count="0" type="stmt"/>
      <line num="19" count="1" type="stmt"/>
      <line num="20" count="3" type="stmt"/>
      <line num="21" count="3" type="stmt"/>
      <line num="23" count="3" type="stmt"/>
      <line num="25" count="2" type="cond" truecount="2" falsecount="0"/>
      <line num="26" count="1" type="stmt"/>
      <line num="29" count="1" type="stmt"/>
      <line num="30" count="1" type="stmt"/>
      <line num="39" count="1" type="stmt"/>
      <line num="43" count="1" type="stmt"/>
    </file>
    <file name="db.js" path="/mnt/c/Users/itisyijy/Desktop/2025 Spring/Web Programming/week13/airline/db.js">
      <metrics statements="24" coveredstatements="5" conditionals="0" coveredconditionals="0" methods="6" coveredmethods="0"/>
      <line num="2" count="1" type="stmt"/>
      <line num="3" count="1" type="stmt"/>
      <line num="4" count="1" type="stmt"/>
      <line num="6" count="1" type="stmt"/>
      <line num="9" count="0" type="stmt"/>
      <line num="14" count="0" type="stmt"/>
      <line num="15" count="0" type="stmt"/>
      <line num="16" count="0" type="stmt"/>
      <line num="17" count="0" type="stmt"/>
      <line num="18" count="0" type="stmt"/>
      <line num="23" count="0" type="stmt"/>
      <line num="24" count="0" type="stmt"/>
      <line num="33" count="0" type="stmt"/>
      <line num="34" count="0" type="stmt"/>
      <line num="39" count="0" type="stmt"/>
      <line num="40" count="0" type="stmt"/>
      <line num="48" count="0" type="stmt"/>
      <line num="49" count="0" type="stmt"/>
      <line num="54" count="0" type="stmt"/>
      <line num="55" count="0" type="stmt"/>
      <line num="62" count="0" type="stmt"/>
      <line num="63" count="0" type="stmt"/>
      <line num="68" count="0" type="stmt"/>
      <line num="73" count="1" type="stmt"/>
    </file>
  </project>
</coverage>
