{"/mnt/c/Users/itisyijy/Desktop/2025 Spring/Web Programming/week13/airline/app.js": {"path":"/mnt/c/Users/itisyijy/Desktop/2025 Spring/Web Programming/week13/airline/app.js","statementMap":{"0":{"start":{"line":2,"column":16},"end":{"line":2,"column":34}},"1":{"start":{"line":5,"column":60},"end":{"line":5,"column":75}},"2":{"start":{"line":7,"column":15},"end":{"line":7,"column":35}},"3":{"start":{"line":9,"column":12},"end":{"line":9,"column":21}},"4":{"start":{"line":12,"column":0},"end":{"line":12,"column":24}},"5":{"start":{"line":13,"column":0},"end":{"line":13,"column":34}},"6":{"start":{"line":15,"column":0},"end":{"line":17,"column":3}},"7":{"start":{"line":16,"column":2},"end":{"line":16,"column":34}},"8":{"start":{"line":19,"column":0},"end":{"line":41,"column":3}},"9":{"start":{"line":20,"column":2},"end":{"line":40,"column":3}},"10":{"start":{"line":21,"column":21},"end":{"line":21,"column":44}},"11":{"start":{"line":23,"column":19},"end":{"line":23,"column":44}},"12":{"start":{"line":25,"column":4},"end":{"line":37,"column":5}},"13":{"start":{"line":26,"column":6},"end":{"line":26,"column":26}},"14":{"start":{"line":29,"column":25},"end":{"line":29,"column":54}},"15":{"start":{"line":30,"column":6},"end":{"line":36,"column":9}},"16":{"start":{"line":39,"column":4},"end":{"line":39,"column":51}},"17":{"start":{"line":43,"column":0},"end":{"line":43,"column":21}}},"fnMap":{"0":{"name":"(anonymous_0)","decl":{"start":{"line":15,"column":24},"end":{"line":15,"column":25}},"loc":{"start":{"line":15,"column":44},"end":{"line":17,"column":1}},"line":15},"1":{"name":"(anonymous_1)","decl":{"start":{"line":19,"column":28},"end":{"line":19,"column":29}},"loc":{"start":{"line":19,"column":48},"end":{"line":41,"column":1}},"line":19}},"branchMap":{"0":{"loc":{"start":{"line":25,"column":4},"end":{"line":37,"column":5}},"type":"if","locations":[{"start":{"line":25,"column":4},"end":{"line":37,"column":5}},{"start":{"line":27,"column":11},"end":{"line":37,"column":5}}],"line":25}},"s":{"0":1,"1":1,"2":1,"3":1,"4":1,"5":1,"6":1,"7":0,"8":1,"9":3,"10":3,"11":3,"12":2,"13":1,"14":1,"15":1,"16":1,"17":1},"f":{"0":0,"1":3},"b":{"0":[1,1]},"_coverageSchema":"1a1c01bbd47fc00a2c39e90264f33305004495a9","hash":"0640689a9f20651c7c5a67ec7dc897f625cd6a59"}
,"/mnt/c/Users/itisyijy/Desktop/2025 Spring/Web Programming/week13/airline/db.js": {"path":"/mnt/c/Users/itisyijy/Desktop/2025 Spring/Web Programming/week13/airline/db.js","statementMap":{"0":{"start":{"line":2,"column":11},"end":{"line":2,"column":24}},"1":{"start":{"line":3,"column":15},"end":{"line":3,"column":32}},"2":{"start":{"line":4,"column":16},"end":{"line":4,"column":34}},"3":{"start":{"line":6,"column":16},"end":{"line":6,"column":28}},"4":{"start":{"line":9,"column":2},"end":{"line":9,"column":70}},"5":{"start":{"line":14,"column":13},"end":{"line":14,"column":36}},"6":{"start":{"line":15,"column":14},"end":{"line":15,"column":46}},"7":{"start":{"line":16,"column":2},"end":{"line":16,"column":21}},"8":{"start":{"line":17,"column":2},"end":{"line":17,"column":32}},"9":{"start":{"line":18,"column":2},"end":{"line":18,"column":19}},"10":{"start":{"line":23,"column":13},"end":{"line":23,"column":36}},"11":{"start":{"line":24,"column":15},"end":{"line":32,"column":4}},"12":{"start":{"line":33,"column":2},"end":{"line":33,"column":19}},"13":{"start":{"line":34,"column":2},"end":{"line":34,"column":14}},"14":{"start":{"line":39,"column":13},"end":{"line":39,"column":36}},"15":{"start":{"line":40,"column":17},"end":{"line":47,"column":3}},"16":{"start":{"line":48,"column":2},"end":{"line":48,"column":19}},"17":{"start":{"line":49,"column":2},"end":{"line":49,"column":16}},"18":{"start":{"line":54,"column":13},"end":{"line":54,"column":36}},"19":{"start":{"line":55,"column":21},"end":{"line":61,"column":3}},"20":{"start":{"line":62,"column":2},"end":{"line":62,"column":19}},"21":{"start":{"line":63,"column":2},"end":{"line":63,"column":20}},"22":{"start":{"line":68,"column":2},"end":{"line":68,"column":37}},"23":{"start":{"line":73,"column":0},"end":{"line":73,"column":80}}},"fnMap":{"0":{"name":"getDBConnection","decl":{"start":{"line":8,"column":15},"end":{"line":8,"column":30}},"loc":{"start":{"line":8,"column":33},"end":{"line":10,"column":1}},"line":8},"1":{"name":"loadDB","decl":{"start":{"line":13,"column":15},"end":{"line":13,"column":21}},"loc":{"start":{"line":13,"column":31},"end":{"line":19,"column":1}},"line":13},"2":{"name":"getAllFlights","decl":{"start":{"line":22,"column":15},"end":{"line":22,"column":28}},"loc":{"start":{"line":22,"column":31},"end":{"line":35,"column":1}},"line":22},"3":{"name":"getFlight","decl":{"start":{"line":38,"column":15},"end":{"line":38,"column":24}},"loc":{"start":{"line":38,"column":35},"end":{"line":50,"column":1}},"line":38},"4":{"name":"getPassengers","decl":{"start":{"line":53,"column":15},"end":{"line":53,"column":28}},"loc":{"start":{"line":53,"column":39},"end":{"line":64,"column":1}},"line":53},"5":{"name":"testQuery","decl":{"start":{"line":67,"column":15},"end":{"line":67,"column":24}},"loc":{"start":{"line":67,"column":27},"end":{"line":69,"column":1}},"line":67}},"branchMap":{},"s":{"0":1,"1":1,"2":1,"3":1,"4":0,"5":0,"6":0,"7":0,"8":0,"9":0,"10":0,"11":0,"12":0,"13":0,"14":0,"15":0,"16":0,"17":0,"18":0,"19":0,"20":0,"21":0,"22":0,"23":1},"f":{"0":0,"1":0,"2":0,"3":0,"4":0,"5":0},"b":{},"_coverageSchema":"1a1c01bbd47fc00a2c39e90264f33305004495a9","hash":"7ff5bf560dd6104c495f9f4232e6cc14ed9fef6b"}
}
