TN:
SF:app.js
FN:15,(anonymous_0)
FN:19,(anonymous_1)
FNF:2
FNH:1
FNDA:0,(anonymous_0)
FNDA:3,(anonymous_1)
DA:2,1
DA:5,1
DA:7,1
DA:9,1
DA:12,1
DA:13,1
DA:15,1
DA:16,0
DA:19,1
DA:20,3
DA:21,3
DA:23,3
DA:25,2
DA:26,1
DA:29,1
DA:30,1
DA:39,1
DA:43,1
LF:18
LH:17
BRDA:25,0,0,1
BRDA:25,0,1,1
BRF:2
BRH:2
end_of_record
TN:
SF:db.js
FN:8,getDBConnection
FN:13,loadDB
FN:22,getAllFlights
FN:38,getFlight
FN:53,getPassengers
FN:67,testQuery
FNF:6
FNH:0
FNDA:0,getDBConnection
FNDA:0,loadDB
FNDA:0,getAllFlights
FNDA:0,getFlight
FNDA:0,getPassengers
FNDA:0,testQuery
DA:2,1
DA:3,1
DA:4,1
DA:6,1
DA:9,0
DA:14,0
DA:15,0
DA:16,0
DA:17,0
DA:18,0
DA:23,0
DA:24,0
DA:33,0
DA:34,0
DA:39,0
DA:40,0
DA:48,0
DA:49,0
DA:54,0
DA:55,0
DA:62,0
DA:63,0
DA:68,0
DA:73,1
LF:24
LH:5
BRF:0
BRH:0
end_of_record
