<?xml version="1.0" encoding="UTF-8"?>
<coverage generated="1749272122221" clover="3.2.0">
  <project timestamp="1749272122221" name="All files">
    <metrics statements="5" coveredstatements="5" conditionals="0" coveredconditionals="0" methods="4" coveredmethods="3" elements="9" coveredelements="8" complexity="0" loc="5" ncloc="5" packages="1" files="1" classes="1"/>
    <file name="utils.js" path="/mnt/c/Users/itisyijy/Desktop/2025 Spring/Web Programming/week13/unit_testing/utils.js">
      <metrics statements="5" coveredstatements="5" conditionals="0" coveredconditionals="0" methods="4" coveredmethods="3"/>
      <line num="1" count="1" type="stmt"/>
      <line num="2" count="1" type="stmt"/>
      <line num="3" count="4" type="stmt"/>
      <line num="4" count="1" type="stmt"/>
      <line num="6" count="1" type="stmt"/>
    </file>
  </project>
</coverage>
