{"/mnt/c/Users/itisyijy/Desktop/2025 Spring/Web Programming/week13/unit_testing/utils.js": {"path":"/mnt/c/Users/itisyijy/Desktop/2025 Spring/Web Programming/week13/unit_testing/utils.js","statementMap":{"0":{"start":{"line":1,"column":12},"end":{"line":1,"column":27}},"1":{"start":{"line":1,"column":22},"end":{"line":1,"column":27}},"2":{"start":{"line":2,"column":17},"end":{"line":2,"column":32}},"3":{"start":{"line":2,"column":27},"end":{"line":2,"column":32}},"4":{"start":{"line":3,"column":15},"end":{"line":3,"column":30}},"5":{"start":{"line":3,"column":25},"end":{"line":3,"column":30}},"6":{"start":{"line":4,"column":18},"end":{"line":4,"column":33}},"7":{"start":{"line":4,"column":28},"end":{"line":4,"column":33}},"8":{"start":{"line":6,"column":0},"end":{"line":6,"column":54}}},"fnMap":{"0":{"name":"(anonymous_0)","decl":{"start":{"line":1,"column":12},"end":{"line":1,"column":13}},"loc":{"start":{"line":1,"column":22},"end":{"line":1,"column":27}},"line":1},"1":{"name":"(anonymous_1)","decl":{"start":{"line":2,"column":17},"end":{"line":2,"column":18}},"loc":{"start":{"line":2,"column":27},"end":{"line":2,"column":32}},"line":2},"2":{"name":"(anonymous_2)","decl":{"start":{"line":3,"column":15},"end":{"line":3,"column":16}},"loc":{"start":{"line":3,"column":25},"end":{"line":3,"column":30}},"line":3},"3":{"name":"(anonymous_3)","decl":{"start":{"line":4,"column":18},"end":{"line":4,"column":19}},"loc":{"start":{"line":4,"column":28},"end":{"line":4,"column":33}},"line":4}},"branchMap":{},"s":{"0":1,"1":1,"2":1,"3":1,"4":1,"5":4,"6":1,"7":0,"8":1},"f":{"0":1,"1":1,"2":4,"3":0},"b":{},"_coverageSchema":"1a1c01bbd47fc00a2c39e90264f33305004495a9","hash":"f86505b26291aa17d0d9b5ee6feca67f187d6c16"}
}
